                      :-) GROMACS - gmx mdrun, 2021.2 (-:

                            GROMACS is written by:
     Andrey Alekseenko              Emile Apol              Rossen Apostolov     
         Paul Bauer           Herman J.C. Berendsen           Par Bjelkmar       
       Christian Blau           Viacheslav Bolnykh             Kevin Boyd        
     Aldert van Buuren           Rudi van Drunen             Anton Feenstra      
    Gilles Gouaillardet             Alan Gray               Gerrit Groenhof      
       Anca Hamuraru            Vincent Hindriksen          M. Eric Irrgang      
      Aleksei Iupinov           Christoph Junghans             Joe Jordan        
    Dimitrios Karkoulis            Peter Kasson                Jiri Kraus        
      Carsten Kutzner              Per Larsson              Justin A. Lemkul     
       Viveca Lindahl            Magnus Lundborg             Erik Marklund       
        Pascal Merz             Pieter Meulenhoff            Teemu Murtola       
        Szilard Pall               Sander Pronk              Roland Schulz       
       Michael Shirts            Alexey Shvetsov             Alfons Sijbers      
       Peter Tieleman              Jon Vincent              Teemu Virolainen     
     Christian Wennberg            Maarten Wolf              Artem Zhmurov       
                           and the project leaders:
        Mark Abraham, Berk Hess, Erik Lindahl, and David van der Spoel

Copyright (c) 1991-2000, University of Groningen, The Netherlands.
Copyright (c) 2001-2019, The GROMACS development team at
Uppsala University, Stockholm University and
the Royal Institute of Technology, Sweden.
check out http://www.gromacs.org for more information.

GROMACS is free software; you can redistribute it and/or modify it
under the terms of the GNU Lesser General Public License
as published by the Free Software Foundation; either version 2.1
of the License, or (at your option) any later version.

GROMACS:      gmx mdrun, version 2021.2
Executable:   /opt/apps/gromacs/2021.2/gcc/8.4.0/node/bin/gmx
Data prefix:  /opt/apps/gromacs/2021.2/gcc/8.4.0/node
Working dir:  /dfs9/dmobley-lab/pbehara/Project_MP/openff-2.2.0_tstep_1fs/0001/lambda_0/NVT
Process ID:   45770
Command line:
  gmx mdrun -deffnm nvt -s nvt.tpr -nt 1

GROMACS version:    2021.2
Verified release checksum is d91a739522d82c53dc47c2276b9ac5fae3b2119283e84e3a1c7bed8ce741fda2
Precision:          mixed
Memory model:       64 bit
MPI library:        thread_mpi
OpenMP support:     enabled (GMX_OPENMP_MAX_THREADS = 64)
GPU support:        disabled
SIMD instructions:  AVX2_128
FFT library:        fftw-3.3.8-sse2-avx-avx2-avx2_128
RDTSCP usage:       enabled
TNG support:        enabled
Hwloc support:      disabled
Tracing support:    disabled
C compiler:         /opt/apps/gcc/8.4.0/bin/gcc GNU 8.4.0
C compiler flags:   -mavx2 -mfma -Wno-missing-field-initializers -fexcess-precision=fast -funroll-all-loops -O3 -DNDEBUG
C++ compiler:       /opt/apps/gcc/8.4.0/bin/g++ GNU 8.4.0
C++ compiler flags: -mavx2 -mfma -Wno-missing-field-initializers -fexcess-precision=fast -funroll-all-loops -fopenmp -O3 -DNDEBUG


Running on 1 node with total 28 cores, 28 logical cores
Hardware detected:
  CPU info:
    Vendor: Intel
    Brand:  Intel(R) Xeon(R) Gold 6132 CPU @ 2.60GHz
    Family: 6   Model: 85   Stepping: 4
    Features: aes apic avx avx2 avx512f avx512cd avx512bw avx512vl avx512secondFMA clfsh cmov cx8 cx16 f16c fma hle htt intel lahf mmx msr nonstop_tsc pcid pclmuldq pdcm pdpe1gb popcnt pse rdrnd rdtscp rtm sse2 sse3 sse4.1 sse4.2 ssse3 tdt x2apic
    Number of AVX-512 FMA units: 2
  Hardware topology: Only logical processor count

Highest SIMD level requested by all nodes in run: AVX_512
SIMD instructions selected at compile time:       AVX2_128
This program was compiled for different hardware than you are running on,
which could influence performance.

++++ PLEASE READ AND CITE THE FOLLOWING REFERENCE ++++
M. J. Abraham, T. Murtola, R. Schulz, S. Páll, J. C. Smith, B. Hess, E.
Lindahl
GROMACS: High performance molecular simulations through multi-level
parallelism from laptops to supercomputers
SoftwareX 1 (2015) pp. 19-25
-------- -------- --- Thank You --- -------- --------


++++ PLEASE READ AND CITE THE FOLLOWING REFERENCE ++++
S. Páll, M. J. Abraham, C. Kutzner, B. Hess, E. Lindahl
Tackling Exascale Software Challenges in Molecular Dynamics Simulations with
GROMACS
In S. Markidis & E. Laure (Eds.), Solving Software Challenges for Exascale 8759 (2015) pp. 3-27
-------- -------- --- Thank You --- -------- --------


++++ PLEASE READ AND CITE THE FOLLOWING REFERENCE ++++
S. Pronk, S. Páll, R. Schulz, P. Larsson, P. Bjelkmar, R. Apostolov, M. R.
Shirts, J. C. Smith, P. M. Kasson, D. van der Spoel, B. Hess, and E. Lindahl
GROMACS 4.5: a high-throughput and highly parallel open source molecular
simulation toolkit
Bioinformatics 29 (2013) pp. 845-54
-------- -------- --- Thank You --- -------- --------


++++ PLEASE READ AND CITE THE FOLLOWING REFERENCE ++++
B. Hess and C. Kutzner and D. van der Spoel and E. Lindahl
GROMACS 4: Algorithms for highly efficient, load-balanced, and scalable
molecular simulation
J. Chem. Theory Comput. 4 (2008) pp. 435-447
-------- -------- --- Thank You --- -------- --------


++++ PLEASE READ AND CITE THE FOLLOWING REFERENCE ++++
D. van der Spoel, E. Lindahl, B. Hess, G. Groenhof, A. E. Mark and H. J. C.
Berendsen
GROMACS: Fast, Flexible and Free
J. Comp. Chem. 26 (2005) pp. 1701-1719
-------- -------- --- Thank You --- -------- --------


++++ PLEASE READ AND CITE THE FOLLOWING REFERENCE ++++
E. Lindahl and B. Hess and D. van der Spoel
GROMACS 3.0: A package for molecular simulation and trajectory analysis
J. Mol. Mod. 7 (2001) pp. 306-317
-------- -------- --- Thank You --- -------- --------


++++ PLEASE READ AND CITE THE FOLLOWING REFERENCE ++++
H. J. C. Berendsen, D. van der Spoel and R. van Drunen
GROMACS: A message-passing parallel molecular dynamics implementation
Comp. Phys. Comm. 91 (1995) pp. 43-56
-------- -------- --- Thank You --- -------- --------


++++ PLEASE CITE THE DOI FOR THIS VERSION OF GROMACS ++++
https://doi.org/10.5281/zenodo.4723562
-------- -------- --- Thank You --- -------- --------


The number of OpenMP threads was set by environment variable OMP_NUM_THREADS to 1

Input Parameters:
   integrator                     = sd
   tinit                          = 0
   dt                             = 0.002
   nsteps                         = 100000
   init-step                      = 0
   simulation-part                = 1
   mts                            = false
   comm-mode                      = Linear
   nstcomm                        = 100
   bd-fric                        = 0
   ld-seed                        = -134299839
   emtol                          = 10
   emstep                         = 0.01
   niter                          = 20
   fcstep                         = 0
   nstcgsteep                     = 1000
   nbfgscorr                      = 10
   rtpi                           = 0.05
   nstxout                        = 0
   nstvout                        = 0
   nstfout                        = 0
   nstlog                         = 5000
   nstcalcenergy                  = 100
   nstenergy                      = 500
   nstxout-compressed             = 5000
   compressed-x-precision         = 1000
   cutoff-scheme                  = Verlet
   nstlist                        = 20
   pbc                            = xyz
   periodic-molecules             = false
   verlet-buffer-tolerance        = 0.005
   rlist                          = 1.2
   coulombtype                    = PME
   coulomb-modifier               = Potential-shift
   rcoulomb-switch                = 0
   rcoulomb                       = 1.2
   epsilon-r                      = 1
   epsilon-rf                     = inf
   vdw-type                       = Cut-off
   vdw-modifier                   = Potential-switch
   rvdw-switch                    = 0.9
   rvdw                           = 1
   DispCorr                       = EnerPres
   table-extension                = 1
   fourierspacing                 = 0.1
   fourier-nx                     = 40
   fourier-ny                     = 40
   fourier-nz                     = 40
   pme-order                      = 4
   ewald-rtol                     = 1e-06
   ewald-rtol-lj                  = 0.001
   lj-pme-comb-rule               = Geometric
   ewald-geometry                 = 0
   epsilon-surface                = 0
   tcoupl                         = No
   nsttcouple                     = -1
   nh-chain-length                = 0
   print-nose-hoover-chain-variables = false
   pcoupl                         = No
   pcoupltype                     = Isotropic
   nstpcouple                     = -1
   tau-p                          = 0.5
   compressibility (3x3):
      compressibility[    0]={ 0.00000e+00,  0.00000e+00,  0.00000e+00}
      compressibility[    1]={ 0.00000e+00,  0.00000e+00,  0.00000e+00}
      compressibility[    2]={ 0.00000e+00,  0.00000e+00,  0.00000e+00}
   ref-p (3x3):
      ref-p[    0]={ 0.00000e+00,  0.00000e+00,  0.00000e+00}
      ref-p[    1]={ 0.00000e+00,  0.00000e+00,  0.00000e+00}
      ref-p[    2]={ 0.00000e+00,  0.00000e+00,  0.00000e+00}
   refcoord-scaling               = No
   posres-com (3):
      posres-com[0]= 0.00000e+00
      posres-com[1]= 0.00000e+00
      posres-com[2]= 0.00000e+00
   posres-comB (3):
      posres-comB[0]= 0.00000e+00
      posres-comB[1]= 0.00000e+00
      posres-comB[2]= 0.00000e+00
   QMMM                           = false
qm-opts:
   ngQM                           = 0
   constraint-algorithm           = Lincs
   continuation                   = false
   Shake-SOR                      = false
   shake-tol                      = 0.0001
   lincs-order                    = 12
   lincs-iter                     = 1
   lincs-warnangle                = 30
   nwall                          = 0
   wall-type                      = 9-3
   wall-r-linpot                  = -1
   wall-atomtype[0]               = -1
   wall-atomtype[1]               = -1
   wall-density[0]                = 0
   wall-density[1]                = 0
   wall-ewald-zfac                = 3
   pull                           = false
   awh                            = false
   rotation                       = false
   interactiveMD                  = false
   disre                          = No
   disre-weighting                = Conservative
   disre-mixed                    = false
   dr-fc                          = 1000
   dr-tau                         = 0
   nstdisreout                    = 100
   orire-fc                       = 0
   orire-tau                      = 0
   nstorireout                    = 100
   free-energy                    = yes
   init-lambda                    = -1
   init-lambda-state              = 0
   delta-lambda                   = 0
   nstdhdl                        = 100
   n-lambdas                      = 20
   separate-dvdl:
       fep-lambdas =   FALSE
      mass-lambdas =   FALSE
      coul-lambdas =   TRUE
       vdw-lambdas =   TRUE
    bonded-lambdas =   FALSE
 restraint-lambdas =   FALSE
temperature-lambdas =   FALSE
all-lambdas:
       fep-lambdas =            0           0           0           0           0           0           0           0           0           0           0           0           0           0           0           0           0           0           0           0
      mass-lambdas =            0           0           0           0           0           0           0           0           0           0           0           0           0           0           0           0           0           0           0           0
      coul-lambdas =            0        0.25         0.5        0.75           1           1           1           1           1           1           1           1           1           1           1           1           1           1           1           1
       vdw-lambdas =            0           0           0           0           0        0.05         0.1         0.2         0.3         0.4         0.5         0.6        0.65         0.7        0.75         0.8        0.85         0.9        0.95           1
    bonded-lambdas =            0           0           0           0           0           0           0           0           0           0           0           0           0           0           0           0           0           0           0           0
 restraint-lambdas =            0           0           0           0           0           0           0           0           0           0           0           0           0           0           0           0           0           0           0           0
temperature-lambdas =            0           0           0           0           0           0           0           0           0           0           0           0           0           0           0           0           0           0           0           0
   calc-lambda-neighbors          = -1
   dhdl-print-energy              = no
   sc-alpha                       = 0.5
   sc-power                       = 1
   sc-r-power                     = 6
   sc-sigma                       = 0.3
   sc-sigma-min                   = 0.3
   sc-coul                        = false
   dh-hist-size                   = 0
   dh-hist-spacing                = 0.1
   separate-dhdl-file             = yes
   dhdl-derivatives               = yes
   cos-acceleration               = 0
   deform (3x3):
      deform[    0]={ 0.00000e+00,  0.00000e+00,  0.00000e+00}
      deform[    1]={ 0.00000e+00,  0.00000e+00,  0.00000e+00}
      deform[    2]={ 0.00000e+00,  0.00000e+00,  0.00000e+00}
   simulated-tempering            = false
   swapcoords                     = no
   userint1                       = 0
   userint2                       = 0
   userint3                       = 0
   userint4                       = 0
   userreal1                      = 0
   userreal2                      = 0
   userreal3                      = 0
   userreal4                      = 0
   applied-forces:
     electric-field:
       x:
         E0                       = 0
         omega                    = 0
         t0                       = 0
         sigma                    = 0
       y:
         E0                       = 0
         omega                    = 0
         t0                       = 0
         sigma                    = 0
       z:
         E0                       = 0
         omega                    = 0
         t0                       = 0
         sigma                    = 0
     density-guided-simulation:
       active                     = false
       group                      = protein
       similarity-measure         = inner-product
       atom-spreading-weight      = unity
       force-constant             = 1e+09
       gaussian-transform-spreading-width = 0.2
       gaussian-transform-spreading-range-in-multiples-of-width = 4
       reference-density-filename = reference.mrc
       nst                        = 1
       normalize-densities        = true
       adaptive-force-scaling     = false
       adaptive-force-scaling-time-constant = 4
       shift-vector               = 
       transformation-matrix      = 
grpopts:
   nrdf:        8478
   ref-t:      303.15
   tau-t:           1
annealing:          No
annealing-npoints:           0
   acc:	           0           0           0
   nfreeze:           N           N           N
   energygrp-flags[  0]: 0

Changing nstlist from 20 to 100, rlist from 1.2 to 1.255

Using 1 MPI thread

Non-default thread affinity set, disabling internal thread affinity

Using 1 OpenMP thread 

System total charge, top. A: -0.000 top. B: -0.000
Will do PME sum in reciprocal space for electrostatic interactions.

++++ PLEASE READ AND CITE THE FOLLOWING REFERENCE ++++
U. Essmann, L. Perera, M. L. Berkowitz, T. Darden, H. Lee and L. G. Pedersen 
A smooth particle mesh Ewald method
J. Chem. Phys. 103 (1995) pp. 8577-8592
-------- -------- --- Thank You --- -------- --------

Using a Gaussian width (1/beta) of 0.34693 nm for Ewald
Potential shift: LJ r^-12: 0.000e+00 r^-6: 0.000e+00, Ewald -8.333e-07
Initialized non-bonded Ewald tables, spacing: 9.71e-04 size: 2323

Generated table with 1127 data points for 1-4 COUL.
Tabscale = 500 points/nm
Generated table with 1127 data points for 1-4 LJ6.
Tabscale = 500 points/nm
Generated table with 1127 data points for 1-4 LJ12.
Tabscale = 500 points/nm
Long Range LJ corr.: <C6> 5.1444e-04


Using SIMD 4x4 nonbonded short-range kernels

Using a dual 4x4 pair-list setup updated with dynamic pruning:
  outer list: updated every 100 steps, buffer 0.055 nm, rlist 1.255 nm
  inner list: updated every  74 steps, buffer 0.001 nm, rlist 1.201 nm
At tolerance 0.005 kJ/mol/ps per atom, equivalent classical 1x1 list would be:
  outer list: updated every 100 steps, buffer 0.190 nm, rlist 1.390 nm
  inner list: updated every  74 steps, buffer 0.129 nm, rlist 1.329 nm
There are 30 atoms and 30 charges for free energy perturbation
Removing pbc first time

Initializing LINear Constraint Solver

++++ PLEASE READ AND CITE THE FOLLOWING REFERENCE ++++
B. Hess and H. Bekker and H. J. C. Berendsen and J. G. E. M. Fraaije
LINCS: A Linear Constraint Solver for molecular simulations
J. Comp. Chem. 18 (1997) pp. 1463-1472
-------- -------- --- Thank You --- -------- --------

The number of constraints is 2409
Initial vector of lambda components:[     0.0000     0.0000     0.0000     0.0000     0.0000     0.0000     0.0000 ]

++++ PLEASE READ AND CITE THE FOLLOWING REFERENCE ++++
N. Goga and A. J. Rzepiela and A. H. de Vries and S. J. Marrink and H. J. C.
Berendsen
Efficient Algorithms for Langevin and DPD Dynamics
J. Chem. Theory Comput. 8 (2012) pp. 3637--3649
-------- -------- --- Thank You --- -------- --------

There are: 3630 Atoms

Constraining the starting coordinates (step 0)

Constraining the coordinates at t0-dt (step 0)
Center of mass motion removal mode is Linear
We have the following groups for center of mass motion removal:
  0:  rest
RMS relative constraint deviation after constraining: 3.28e-06
Initial temperature: 304.399 K

Started mdrun on rank 0 Tue Jul 16 19:15:02 2024

           Step           Time
              0        0.00000

   Energies (kJ/mol)
           Bond          Angle    Proper Dih.  Improper Dih.          LJ-14
    2.85431e+01    1.39536e+02    2.57243e+03    1.20094e+00    2.41966e+02
     Coulomb-14        LJ (SR)  Disper. corr.   Coulomb (SR)   Coul. recip.
   -1.60795e+04   -6.11783e+03   -3.78870e+02    7.85027e+02    4.91086e+02
      Potential    Kinetic En.   Total Energy    Temperature Pres. DC (bar)
   -1.83164e+04    1.07314e+04   -7.58503e+03    3.04480e+02   -1.43584e+02
 Pressure (bar)      dVcoul/dl       dVvdw/dl   Constr. rmsd
    8.53976e+02   -3.80634e+02    1.13228e+02    3.27261e-06

           Step           Time
           5000       10.00000

   Energies (kJ/mol)
           Bond          Angle    Proper Dih.  Improper Dih.          LJ-14
    9.83909e+02    5.61600e+03    3.63654e+03    5.72593e+00    3.75920e+02
     Coulomb-14        LJ (SR)  Disper. corr.   Coulomb (SR)   Coul. recip.
   -1.67412e+04   -4.69426e+03   -3.78870e+02   -8.34446e+02    3.79839e+02
      Potential    Kinetic En.   Total Energy    Temperature Pres. DC (bar)
   -1.16509e+04    1.06057e+04   -1.04519e+03    3.00913e+02   -1.43584e+02
 Pressure (bar)      dVcoul/dl       dVvdw/dl   Constr. rmsd
   -2.27730e+02   -3.71336e+02    9.75778e+01    3.34805e-06

           Step           Time
          10000       20.00000

   Energies (kJ/mol)
           Bond          Angle    Proper Dih.  Improper Dih.          LJ-14
    9.91623e+02    5.60395e+03    3.60883e+03    5.45262e+00    3.62508e+02
     Coulomb-14        LJ (SR)  Disper. corr.   Coulomb (SR)   Coul. recip.
   -1.66972e+04   -4.70613e+03   -3.78870e+02   -7.95165e+02    3.81125e+02
      Potential    Kinetic En.   Total Energy    Temperature Pres. DC (bar)
   -1.16239e+04    1.06200e+04   -1.00386e+03    3.01320e+02   -1.43584e+02
 Pressure (bar)      dVcoul/dl       dVvdw/dl   Constr. rmsd
   -5.17426e+02   -3.44142e+02    2.09170e+01    3.04471e-06

           Step           Time
          15000       30.00000

   Energies (kJ/mol)
           Bond          Angle    Proper Dih.  Improper Dih.          LJ-14
    1.03272e+03    5.54144e+03    3.62128e+03    4.09272e+00    3.63629e+02
     Coulomb-14        LJ (SR)  Disper. corr.   Coulomb (SR)   Coul. recip.
   -1.68949e+04   -4.72782e+03   -3.78870e+02   -7.54946e+02    4.03683e+02
      Potential    Kinetic En.   Total Energy    Temperature Pres. DC (bar)
   -1.17897e+04    1.06879e+04   -1.10173e+03    3.03246e+02   -1.43584e+02
 Pressure (bar)      dVcoul/dl       dVvdw/dl   Constr. rmsd
   -9.90921e+02   -3.41298e+02    5.01571e+01    2.98661e-06

           Step           Time
          20000       40.00000

   Energies (kJ/mol)
           Bond          Angle    Proper Dih.  Improper Dih.          LJ-14
    9.77298e+02    5.66620e+03    3.63965e+03    7.54808e+00    3.89750e+02
     Coulomb-14        LJ (SR)  Disper. corr.   Coulomb (SR)   Coul. recip.
   -1.69449e+04   -4.63448e+03   -3.78870e+02   -1.11386e+03    3.83081e+02
      Potential    Kinetic En.   Total Energy    Temperature Pres. DC (bar)
   -1.20085e+04    1.08419e+04   -1.16661e+03    3.07616e+02   -1.43584e+02
 Pressure (bar)      dVcoul/dl       dVvdw/dl   Constr. rmsd
   -5.95860e+02   -3.21734e+02    8.03877e+01    3.10758e-06

           Step           Time
          25000       50.00000

   Energies (kJ/mol)
           Bond          Angle    Proper Dih.  Improper Dih.          LJ-14
    1.06906e+03    5.46598e+03    3.58947e+03    4.95226e+00    3.73613e+02
     Coulomb-14        LJ (SR)  Disper. corr.   Coulomb (SR)   Coul. recip.
   -1.68743e+04   -4.61462e+03   -3.78870e+02   -1.04622e+03    3.51451e+02
      Potential    Kinetic En.   Total Energy    Temperature Pres. DC (bar)
   -1.20595e+04    1.07646e+04   -1.29493e+03    3.05421e+02   -1.43584e+02
 Pressure (bar)      dVcoul/dl       dVvdw/dl   Constr. rmsd
   -5.44693e+02   -3.31799e+02    3.71501e+00    3.07663e-06

           Step           Time
          30000       60.00000

   Energies (kJ/mol)
           Bond          Angle    Proper Dih.  Improper Dih.          LJ-14
    1.01045e+03    5.50841e+03    3.59269e+03    3.39386e+00    3.71951e+02
     Coulomb-14        LJ (SR)  Disper. corr.   Coulomb (SR)   Coul. recip.
   -1.68372e+04   -4.73386e+03   -3.78870e+02   -8.37398e+02    3.59506e+02
      Potential    Kinetic En.   Total Energy    Temperature Pres. DC (bar)
   -1.19410e+04    1.05760e+04   -1.36499e+03    3.00070e+02   -1.43584e+02
 Pressure (bar)      dVcoul/dl       dVvdw/dl   Constr. rmsd
   -9.37510e+02   -3.30962e+02    6.04284e+01    3.17787e-06

           Step           Time
          35000       70.00000

   Energies (kJ/mol)
           Bond          Angle    Proper Dih.  Improper Dih.          LJ-14
    1.08310e+03    5.35655e+03    3.71070e+03    4.26094e+00    3.68543e+02
     Coulomb-14        LJ (SR)  Disper. corr.   Coulomb (SR)   Coul. recip.
   -1.68245e+04   -4.73917e+03   -3.78870e+02   -8.35897e+02    4.00639e+02
      Potential    Kinetic En.   Total Energy    Temperature Pres. DC (bar)
   -1.18546e+04    1.07895e+04   -1.06508e+03    3.06129e+02   -1.43584e+02
 Pressure (bar)      dVcoul/dl       dVvdw/dl   Constr. rmsd
   -1.00315e+03   -3.48885e+02    7.07252e+01    3.10198e-06

           Step           Time
          40000       80.00000

   Energies (kJ/mol)
           Bond          Angle    Proper Dih.  Improper Dih.          LJ-14
    9.74987e+02    5.28603e+03    3.60823e+03    4.74754e+00    3.73789e+02
     Coulomb-14        LJ (SR)  Disper. corr.   Coulomb (SR)   Coul. recip.
   -1.69116e+04   -4.56802e+03   -3.78870e+02   -9.97408e+02    3.70246e+02
      Potential    Kinetic En.   Total Energy    Temperature Pres. DC (bar)
   -1.22379e+04    1.09834e+04   -1.25449e+03    3.11630e+02   -1.43584e+02
 Pressure (bar)      dVcoul/dl       dVvdw/dl   Constr. rmsd
   -3.78738e+02   -3.48026e+02    5.23629e+01    3.39553e-06

           Step           Time
          45000       90.00000

   Energies (kJ/mol)
           Bond          Angle    Proper Dih.  Improper Dih.          LJ-14
    1.00729e+03    5.57551e+03    3.58331e+03    6.16574e+00    3.99526e+02
     Coulomb-14        LJ (SR)  Disper. corr.   Coulomb (SR)   Coul. recip.
   -1.68906e+04   -4.65584e+03   -3.78870e+02   -7.76324e+02    3.84969e+02
      Potential    Kinetic En.   Total Energy    Temperature Pres. DC (bar)
   -1.17449e+04    1.09503e+04   -7.94598e+02    3.10691e+02   -1.43584e+02
 Pressure (bar)      dVcoul/dl       dVvdw/dl   Constr. rmsd
   -9.75329e+02   -3.43513e+02   -6.92396e+01    3.26869e-06

           Step           Time
          50000      100.00000

   Energies (kJ/mol)
           Bond          Angle    Proper Dih.  Improper Dih.          LJ-14
    1.03355e+03    5.39862e+03    3.55135e+03    6.89485e+00    3.68547e+02
     Coulomb-14        LJ (SR)  Disper. corr.   Coulomb (SR)   Coul. recip.
   -1.68063e+04   -4.52800e+03   -3.78870e+02   -1.02919e+03    3.56754e+02
      Potential    Kinetic En.   Total Energy    Temperature Pres. DC (bar)
   -1.20267e+04    1.07517e+04   -1.27498e+03    3.05056e+02   -1.43584e+02
 Pressure (bar)      dVcoul/dl       dVvdw/dl   Constr. rmsd
   -4.69832e+02   -3.78698e+02    3.87391e+01    2.84571e-06

           Step           Time
          55000      110.00000

   Energies (kJ/mol)
           Bond          Angle    Proper Dih.  Improper Dih.          LJ-14
    9.74323e+02    5.54025e+03    3.68202e+03    3.54217e+00    3.75562e+02
     Coulomb-14        LJ (SR)  Disper. corr.   Coulomb (SR)   Coul. recip.
   -1.67689e+04   -4.52489e+03   -3.78870e+02   -8.53769e+02    3.76419e+02
      Potential    Kinetic En.   Total Energy    Temperature Pres. DC (bar)
   -1.15743e+04    1.07868e+04   -7.87541e+02    3.06052e+02   -1.43584e+02
 Pressure (bar)      dVcoul/dl       dVvdw/dl   Constr. rmsd
   -5.20321e+02   -3.36470e+02    3.53748e+01    3.13194e-06

           Step           Time
          60000      120.00000

   Energies (kJ/mol)
           Bond          Angle    Proper Dih.  Improper Dih.          LJ-14
    1.03872e+03    5.50504e+03    3.63682e+03    5.81192e+00    3.58219e+02
     Coulomb-14        LJ (SR)  Disper. corr.   Coulomb (SR)   Coul. recip.
   -1.67312e+04   -4.65026e+03   -3.78870e+02   -9.82280e+02    3.74270e+02
      Potential    Kinetic En.   Total Energy    Temperature Pres. DC (bar)
   -1.18237e+04    1.06610e+04   -1.16271e+03    3.02482e+02   -1.43584e+02
 Pressure (bar)      dVcoul/dl       dVvdw/dl   Constr. rmsd
   -1.22077e+03   -3.57198e+02    8.88741e+01    3.11875e-06

           Step           Time
          65000      130.00000

   Energies (kJ/mol)
           Bond          Angle    Proper Dih.  Improper Dih.          LJ-14
    1.01689e+03    5.44064e+03    3.63488e+03    3.28056e+00    3.70805e+02
     Coulomb-14        LJ (SR)  Disper. corr.   Coulomb (SR)   Coul. recip.
   -1.68905e+04   -4.52695e+03   -3.78870e+02   -9.05737e+02    3.70103e+02
      Potential    Kinetic En.   Total Energy    Temperature Pres. DC (bar)
   -1.18655e+04    1.04516e+04   -1.41391e+03    2.96541e+02   -1.43584e+02
 Pressure (bar)      dVcoul/dl       dVvdw/dl   Constr. rmsd
   -5.21572e+02   -3.74491e+02    2.28608e+01    2.95132e-06

Writing checkpoint, step 68900 at Tue Jul 16 19:30:04 2024


           Step           Time
          70000      140.00000

   Energies (kJ/mol)
           Bond          Angle    Proper Dih.  Improper Dih.          LJ-14
    1.00208e+03    5.53788e+03    3.69213e+03    4.17648e+00    3.92456e+02
     Coulomb-14        LJ (SR)  Disper. corr.   Coulomb (SR)   Coul. recip.
   -1.68553e+04   -4.68770e+03   -3.78870e+02   -8.04491e+02    3.83465e+02
      Potential    Kinetic En.   Total Energy    Temperature Pres. DC (bar)
   -1.17142e+04    1.04384e+04   -1.27578e+03    2.96166e+02   -1.43584e+02
 Pressure (bar)      dVcoul/dl       dVvdw/dl   Constr. rmsd
   -1.99511e+02   -3.64572e+02    4.23142e+01    2.78001e-06

           Step           Time
          75000      150.00000

   Energies (kJ/mol)
           Bond          Angle    Proper Dih.  Improper Dih.          LJ-14
    1.02416e+03    5.70378e+03    3.65892e+03    3.25190e+00    3.89756e+02
     Coulomb-14        LJ (SR)  Disper. corr.   Coulomb (SR)   Coul. recip.
   -1.69159e+04   -4.74434e+03   -3.78870e+02   -5.57272e+02    3.67341e+02
      Potential    Kinetic En.   Total Energy    Temperature Pres. DC (bar)
   -1.14492e+04    1.07230e+04   -7.26160e+02    3.04242e+02   -1.43584e+02
 Pressure (bar)      dVcoul/dl       dVvdw/dl   Constr. rmsd
   -4.98080e+02   -3.58817e+02    6.81255e+01    3.06719e-06

           Step           Time
          80000      160.00000

   Energies (kJ/mol)
           Bond          Angle    Proper Dih.  Improper Dih.          LJ-14
    1.06459e+03    5.47010e+03    3.65626e+03    9.97078e+00    3.80482e+02
     Coulomb-14        LJ (SR)  Disper. corr.   Coulomb (SR)   Coul. recip.
   -1.68060e+04   -4.50190e+03   -3.78870e+02   -9.02081e+02    3.52063e+02
      Potential    Kinetic En.   Total Energy    Temperature Pres. DC (bar)
   -1.16554e+04    1.05392e+04   -1.11623e+03    2.99026e+02   -1.43584e+02
 Pressure (bar)      dVcoul/dl       dVvdw/dl   Constr. rmsd
   -6.59199e+02   -3.67480e+02    7.30252e+01    2.99882e-06

           Step           Time
          85000      170.00000

   Energies (kJ/mol)
           Bond          Angle    Proper Dih.  Improper Dih.          LJ-14
    1.00790e+03    5.52874e+03    3.62244e+03    4.44512e+00    3.94336e+02
     Coulomb-14        LJ (SR)  Disper. corr.   Coulomb (SR)   Coul. recip.
   -1.68455e+04   -4.71221e+03   -3.78870e+02   -5.77638e+02    3.61513e+02
      Potential    Kinetic En.   Total Energy    Temperature Pres. DC (bar)
   -1.15949e+04    1.05915e+04   -1.00339e+03    3.00509e+02   -1.43584e+02
 Pressure (bar)      dVcoul/dl       dVvdw/dl   Constr. rmsd
   -7.68075e+02   -3.54769e+02    1.03399e+00    3.06966e-06

           Step           Time
          90000      180.00000

   Energies (kJ/mol)
           Bond          Angle    Proper Dih.  Improper Dih.          LJ-14
    1.06378e+03    5.58798e+03    3.63114e+03    4.24271e+00    3.65959e+02
     Coulomb-14        LJ (SR)  Disper. corr.   Coulomb (SR)   Coul. recip.
   -1.69188e+04   -4.66583e+03   -3.78870e+02   -7.59095e+02    3.85478e+02
      Potential    Kinetic En.   Total Energy    Temperature Pres. DC (bar)
   -1.16840e+04    1.05623e+04   -1.12171e+03    2.99682e+02   -1.43584e+02
 Pressure (bar)      dVcoul/dl       dVvdw/dl   Constr. rmsd
   -7.91782e+02   -3.59734e+02    8.86320e+01    3.08879e-06

           Step           Time
          95000      190.00000

   Energies (kJ/mol)
           Bond          Angle    Proper Dih.  Improper Dih.          LJ-14
    1.01557e+03    5.32344e+03    3.55190e+03    4.10231e+00    3.59126e+02
     Coulomb-14        LJ (SR)  Disper. corr.   Coulomb (SR)   Coul. recip.
   -1.68500e+04   -4.59289e+03   -3.78870e+02   -9.37033e+02    3.78211e+02
      Potential    Kinetic En.   Total Energy    Temperature Pres. DC (bar)
   -1.21265e+04    1.08258e+04   -1.30064e+03    3.07159e+02   -1.43584e+02
 Pressure (bar)      dVcoul/dl       dVvdw/dl   Constr. rmsd
   -6.63266e+02   -3.25815e+02   -2.62694e+01    3.03092e-06

           Step           Time
         100000      200.00000

Writing checkpoint, step 100000 at Tue Jul 16 19:36:50 2024


   Energies (kJ/mol)
           Bond          Angle    Proper Dih.  Improper Dih.          LJ-14
    9.96111e+02    5.52419e+03    3.55630e+03    6.39562e+00    3.79720e+02
     Coulomb-14        LJ (SR)  Disper. corr.   Coulomb (SR)   Coul. recip.
   -1.68145e+04   -4.63252e+03   -3.78870e+02   -1.03240e+03    3.47569e+02
      Potential    Kinetic En.   Total Energy    Temperature Pres. DC (bar)
   -1.20480e+04    1.05303e+04   -1.51770e+03    2.98775e+02   -1.43584e+02
 Pressure (bar)      dVcoul/dl       dVvdw/dl   Constr. rmsd
   -2.30088e+01   -3.19111e+02   -2.29149e+01    3.02295e-06


	<======  ###############  ==>
	<====  A V E R A G E S  ====>
	<==  ###############  ======>

	Statistics over 100001 steps using 1001 frames

   Energies (kJ/mol)
           Bond          Angle    Proper Dih.  Improper Dih.          LJ-14
    1.02740e+03    5.48886e+03    3.62088e+03    4.83274e+00    3.79024e+02
     Coulomb-14        LJ (SR)  Disper. corr.   Coulomb (SR)   Coul. recip.
   -1.68280e+04   -4.65979e+03   -3.78870e+02   -8.06006e+02    3.70572e+02
      Potential    Kinetic En.   Total Energy    Temperature Pres. DC (bar)
   -1.17811e+04    1.06812e+04   -1.09997e+03    3.03054e+02   -1.43584e+02
 Pressure (bar)      dVcoul/dl       dVvdw/dl   Constr. rmsd
   -4.90796e+02   -3.45408e+02    3.30482e+01    0.00000e+00

   Total Virial (kJ/mol)
    4.23445e+03   -6.06055e+01   -4.77442e+00
   -6.06054e+01    4.16693e+03   -6.88521e+01
   -4.77388e+00   -6.88526e+01    4.22209e+03

   Pressure (bar)
   -5.12895e+02    4.11483e+01    7.75333e+00
    4.11482e+01   -4.62314e+02    4.52507e+01
    7.75292e+00    4.52511e+01   -4.97178e+02


	M E G A - F L O P S   A C C O U N T I N G

 NB=Group-cutoff nonbonded kernels    NxN=N-by-N cluster Verlet kernels
 RF=Reaction-Field  VdW=Van der Waals  QSTab=quadratic-spline table
 W3=SPC/TIP3p  W4=TIP4p (single or pairs)
 V&F=Potential and force  V=Potential only  F=Force only

 Computing:                               M-Number         M-Flops  % Flops
-----------------------------------------------------------------------------
 NB Free energy kernel               610233.768540      610233.769     2.5
 Pair Search distance check            1235.743770       11121.694     0.0
 NxN Ewald Elec. + LJ [F]            208499.489352    19390452.510    78.3
 NxN Ewald Elec. + LJ [V&F]            2108.173696      267738.059     1.1
 NxN Ewald Elec. [F]                   6916.935960      421933.094     1.7
 NxN Ewald Elec. [V&F]                   69.948608        5875.683     0.0
 1,4 nonbonded interactions             485.404854       43686.437     0.2
 Calc Weights                          1089.010890       39204.392     0.2
 Spread Q Bspline                     46464.464640       92928.929     0.4
 Gather F Bspline                     46464.464640      278786.788     1.1
 3D-FFT                              408728.087240     3269824.698    13.2
 Solve PME                              320.003200       20480.205     0.1
 Shift-X                                  3.633630          21.802     0.0
 Bonds                                   82.200822        4849.848     0.0
 Angles                                 524.805248       88167.282     0.4
 Propers                                647.606476      148301.883     0.6
 Impropers                                3.900039         811.208     0.0
 Virial                                   3.678675          66.216     0.0
 Update                                 363.003630       11253.113     0.0
 Stop-CM                                  3.637260          36.373     0.0
 Calc-Ekin                                7.267260         196.216     0.0
 Lincs                                  481.809636       28908.578     0.1
 Lincs-Mat                             8976.979536       35907.918     0.1
 Constraint-V                           963.614454        8672.530     0.0
 Constraint-Vir                           2.411409          57.874     0.0
-----------------------------------------------------------------------------
 Total                                                24779517.098   100.0
-----------------------------------------------------------------------------


     R E A L   C Y C L E   A N D   T I M E   A C C O U N T I N G

On 1 MPI rank

 Computing:          Num   Num      Call    Wall time         Giga-Cycles
                     Ranks Threads  Count      (s)         total sum    %
-----------------------------------------------------------------------------
 Neighbor search        1    1       1001      10.097         26.192   0.8
 Force                  1    1     100001    1014.954       2632.741  77.6
 PME mesh               1    1     100001     224.458        582.232  17.2
 NB X/F buffer ops.     1    1     199001       2.255          5.849   0.2
 Write traj.            1    1         22       0.162          0.420   0.0
 Update                 1    1     200002      17.485         45.354   1.3
 Constraints            1    1     200004      37.706         97.807   2.9
 Rest                                           1.032          2.676   0.1
-----------------------------------------------------------------------------
 Total                                       1308.148       3393.271 100.0
-----------------------------------------------------------------------------
 Breakdown of PME mesh computation
-----------------------------------------------------------------------------
 PME spread             1    1     200002      51.514        133.625   3.9
 PME gather             1    1     200002      24.073         62.444   1.8
 PME 3D-FFT             1    1     400004     121.395        314.893   9.3
 PME solve Elec         1    1     200002      27.123         70.355   2.1
-----------------------------------------------------------------------------

               Core t (s)   Wall t (s)        (%)
       Time:     1308.147     1308.148      100.0
                 (ns/day)    (hour/ns)
Performance:       13.210        1.817
Finished mdrun on rank 0 Tue Jul 16 19:36:50 2024

